<?xml version="1.0" encoding="UTF-8"?>
<testsuite xmlns:xsi="http://www.w3.org/2001/XMLSchema-instance" xsi:noNamespaceSchemaLocation="https://maven.apache.org/surefire/maven-surefire-plugin/xsd/surefire-test-report.xsd" version="3.0.2" name="com.example.hello_spring_k8s.HelloSpringK8sApplicationTests" time="2.863" tests="1" errors="0" skipped="0" failures="0">
  <properties>
[...]
</properties>
  <testcase name="contextLoads" classname="com.example.hello_spring_k8s.HelloSpringK8sApplicationTests" time="0.746">
    <system-out><![CDATA[14:22:59.347 [main] INFO org.springframework.test.context.support.AnnotationConfigContextLoaderUtils -- Could not detect default configuration classes for test class [com.example.hello_spring_k8s.HelloSpringK8sApplicationTests]: HelloSpringK8sApplicationTests does not declare any static, non-private, non-final, nested classes annotated with @Configuration.
14:22:59.460 [main] INFO org.springframework.boot.test.context.SpringBootTestContextBootstrapper -- Found @SpringBootConfiguration com.example.hello_spring_k8s.HelloSpringK8sApplication for test class com.example.hello_spring_k8s.HelloSpringK8sApplicationTests

  .   ____          _            __ _ _
 /\\ / ___'_ __ _ _(_)_ __  __ _ \ \ \ \
( ( )\___ | '_ | '_| | '_ \/ _` | \ \ \ \
 \\/  ___)| |_)| | | | | || (_| |  ) ) ) )
  '  |____| .__|_| |_|_| |_\__, | / / / /
 =========|_|==============|___/=/_/_/_/

 :: Spring Boot ::                (v3.4.0)

2025-03-18T14:22:59.821+07:00  INFO 3863 --- [hello-spring-k8s] [           main] c.e.h.HelloSpringK8sApplicationTests     : Starting HelloSpringK8sApplicationTests using Java 23.0.2 with PID 3863 (started by pknguyen in /Users/pknguyen/Documents/Study/EnterpriseApp/Enterprise_App_Assignments/Lec06/top-spring-on-kubernetes/hello-spring-k8s)
2025-03-18T14:22:59.822+07:00  INFO 3863 --- [hello-spring-k8s] [           main] c.e.h.HelloSpringK8sApplicationTests     : No active profile set, falling back to 1 default profile: "default"
2025-03-18T14:23:01.135+07:00  INFO 3863 --- [hello-spring-k8s] [           main] o.s.b.a.e.web.EndpointLinksResolver      : Exposing 14 endpoints beneath base path '/actuator'
2025-03-18T14:23:01.191+07:00  INFO 3863 --- [hello-spring-k8s] [           main] c.e.h.HelloSpringK8sApplicationTests     : Started HelloSpringK8sApplicationTests in 1.596 seconds (process running for 2.459)
]]></system-out>
    <system-err><![CDATA[Mockito is currently self-attaching to enable the inline-mock-maker. This will no longer work in future releases of the JDK. Please add Mockito as an agent to your build what is described in Mockito's documentation: https://javadoc.io/doc/org.mockito/mockito-core/latest/org/mockito/Mockito.html#0.3
WARNING: A Java agent has been loaded dynamically (/Users/pknguyen/.m2/repository/net/bytebuddy/byte-buddy-agent/1.15.10/byte-buddy-agent-1.15.10.jar)
WARNING: If a serviceability tool is in use, please run with -XX:+EnableDynamicAgentLoading to hide this warning
WARNING: If a serviceability tool is not in use, please run with -Djdk.instrument.traceUsage for more information
WARNING: Dynamic loading of agents will be disallowed by default in a future release
]]></system-err>
  </testcase>
</testsuite>